2012/08/11 23:27:54 [error] [php] include(NetworkFactory.php) [<a href='function.include'>function.include</a>]: failed to open stream: No such file or directory (D:\HtDocs\youhonest\trunk\framework\YiiBase.php:418)
Stack trace:
#0 D:\HtDocs\youhonest\trunk\protected\controllers\SiteController.php(30): spl_autoload_call()
#1 D:\HtDocs\youhonest\trunk\framework\web\actions\CInlineAction.php(50): SiteController->actionIndex()
#2 D:\HtDocs\youhonest\trunk\framework\web\CController.php(309): CInlineAction->runWithParams()
#3 D:\HtDocs\youhonest\trunk\framework\web\CController.php(287): SiteController->runAction()
#4 D:\HtDocs\youhonest\trunk\framework\web\CController.php(266): SiteController->runActionWithFilters()
#5 D:\HtDocs\youhonest\trunk\framework\web\CWebApplication.php(276): SiteController->run()
#6 D:\HtDocs\youhonest\trunk\framework\web\CWebApplication.php(135): CWebApplication->runController()
#7 D:\HtDocs\youhonest\trunk\framework\base\CApplication.php(162): CWebApplication->processRequest()
#8 D:\HtDocs\youhonest\trunk\index.php(13): CWebApplication->run()
REQUEST_URI=/youhonest/trunk/
in D:\HtDocs\youhonest\trunk\protected\controllers\SiteController.php (30)
in D:\HtDocs\youhonest\trunk\index.php (13)
2012/08/11 23:43:03 [error] [exception.CDbException] exception 'CDbException' with message 'CDbConnection failed to open the DB connection: SQLSTATE[28000] [1045] Access denied for user 'root'@'localhost' (using password: YES)' in D:\HtDocs\youhonest\trunk\framework\db\CDbConnection.php:382
Stack trace:
#0 D:\HtDocs\youhonest\trunk\framework\db\CDbConnection.php(331): CDbConnection->open()
#1 D:\HtDocs\youhonest\trunk\framework\db\CDbConnection.php(309): CDbConnection->setActive(true)
#2 D:\HtDocs\youhonest\trunk\framework\base\CModule.php(388): CDbConnection->init()
#3 D:\HtDocs\youhonest\trunk\framework\base\CApplication.php(431): CModule->getComponent('db')
#4 D:\HtDocs\youhonest\trunk\framework\db\ar\CActiveRecord.php(615): CApplication->getDb()
#5 D:\HtDocs\youhonest\trunk\framework\db\ar\CActiveRecord.php(2263): CActiveRecord->getDbConnection()
#6 D:\HtDocs\youhonest\trunk\framework\db\ar\CActiveRecord.php(379): CActiveRecordMetaData->__construct(Object(NetworksModel))
#7 D:\HtDocs\youhonest\trunk\framework\db\ar\CActiveRecord.php(394): CActiveRecord::model('NetworksModel')
#8 D:\HtDocs\youhonest\trunk\framework\db\ar\CActiveRecord.php(78): CActiveRecord->getMetaData()
#9 D:\HtDocs\youhonest\trunk\protected\library\networks\NetworkFactory.php(11): CActiveRecord->__construct()
#10 D:\HtDocs\youhonest\trunk\protected\library\networks\NetworkFactory.php(23): NetworkFactory->__construct()
#11 D:\HtDocs\youhonest\trunk\protected\library\networks\NetworkFactory.php(16): NetworkFactory::_getInstance()
#12 D:\HtDocs\youhonest\trunk\protected\controllers\SiteController.php(30): NetworkFactory::getAllNetworks()
#13 D:\HtDocs\youhonest\trunk\framework\web\actions\CInlineAction.php(50): SiteController->actionIndex()
#14 D:\HtDocs\youhonest\trunk\framework\web\CController.php(309): CInlineAction->runWithParams(Array)
#15 D:\HtDocs\youhonest\trunk\framework\web\CController.php(287): CController->runAction(Object(CInlineAction))
#16 D:\HtDocs\youhonest\trunk\framework\web\CController.php(266): CController->runActionWithFilters(Object(CInlineAction), Array)
#17 D:\HtDocs\youhonest\trunk\framework\web\CWebApplication.php(276): CController->run('')
#18 D:\HtDocs\youhonest\trunk\framework\web\CWebApplication.php(135): CWebApplication->runController('')
#19 D:\HtDocs\youhonest\trunk\framework\base\CApplication.php(162): CWebApplication->processRequest()
#20 D:\HtDocs\youhonest\trunk\index.php(13): CApplication->run()
#21 {main}
REQUEST_URI=/youhonest/trunk/
---
2012/08/19 01:12:07 [error] [exception.CException] exception 'CException' with message 'SiteController and its behaviors do not have a method or closure named "test".' in D:\HtDocs\youhonest\trunk\framework\base\CComponent.php:266
Stack trace:
#0 D:\HtDocs\youhonest\trunk\protected\views\site\index.php(18): CComponent->__call('test', Array)
#1 D:\HtDocs\youhonest\trunk\protected\views\site\index.php(18): SiteController->test()
#2 D:\HtDocs\youhonest\trunk\framework\web\CBaseController.php(127): require('D:\HtDocs\youho...')
#3 D:\HtDocs\youhonest\trunk\framework\web\CBaseController.php(96): CBaseController->renderInternal('D:\HtDocs\youho...', NULL, true)
#4 D:\HtDocs\youhonest\trunk\framework\web\CController.php(870): CBaseController->renderFile('D:\HtDocs\youho...', NULL, true)
#5 D:\HtDocs\youhonest\trunk\framework\web\CController.php(783): CController->renderPartial('index', NULL, true)
#6 D:\HtDocs\youhonest\trunk\protected\controllers\SiteController.php(36): CController->render('index')
#7 D:\HtDocs\youhonest\trunk\framework\web\actions\CInlineAction.php(50): SiteController->actionIndex()
#8 D:\HtDocs\youhonest\trunk\framework\web\CController.php(309): CInlineAction->runWithParams(Array)
#9 D:\HtDocs\youhonest\trunk\framework\web\CController.php(287): CController->runAction(Object(CInlineAction))
#10 D:\HtDocs\youhonest\trunk\framework\web\CController.php(266): CController->runActionWithFilters(Object(CInlineAction), Array)
#11 D:\HtDocs\youhonest\trunk\framework\web\CWebApplication.php(276): CController->run('')
#12 D:\HtDocs\youhonest\trunk\framework\web\CWebApplication.php(135): CWebApplication->runController('')
#13 D:\HtDocs\youhonest\trunk\framework\base\CApplication.php(162): CWebApplication->processRequest()
#14 D:\HtDocs\youhonest\trunk\index.php(13): CApplication->run()
#15 {main}
REQUEST_URI=/youhonest/trunk/
---
2012/08/19 02:04:19 [error] [php] include(BaseController.php) [<a href='function.include'>function.include</a>]: failed to open stream: No such file or directory (D:\HtDocs\youhonest\trunk\framework\YiiBase.php:418)
Stack trace:
#0 D:\HtDocs\youhonest\trunk\protected\controllers\SiteController.php(4): spl_autoload_call()
#1 D:\HtDocs\youhonest\trunk\framework\web\CWebApplication.php(344): require()
#2 D:\HtDocs\youhonest\trunk\framework\web\CWebApplication.php(270): CWebApplication->createController()
#3 D:\HtDocs\youhonest\trunk\framework\web\CWebApplication.php(135): CWebApplication->runController()
#4 D:\HtDocs\youhonest\trunk\framework\base\CApplication.php(162): CWebApplication->processRequest()
#5 D:\HtDocs\youhonest\trunk\index.php(13): CWebApplication->run()
REQUEST_URI=/youhonest/trunk/
in D:\HtDocs\youhonest\trunk\protected\controllers\SiteController.php (4)
in D:\HtDocs\youhonest\trunk\index.php (13)
2012/08/19 02:04:43 [error] [system.db.CDbCommand] CDbCommand::fetch() failed: SQLSTATE[42000]: Syntax error or access violation: 1064 You have an error in your SQL syntax; check the manual that corresponds to your MySQL server version for the right syntax to use near 'key = 'eee' AND
                language = NULL AND
                plurality_mi' at line 2. The SQL statement executed was: SELECT * FROM `translations` `t` WHERE 
                key = :key AND
                language = :language AND
                plurality_min >= :plurality AND
                plurality_max >= :plurality LIMIT 1.
in D:\HtDocs\youhonest\trunk\protected\library\localization\Translation.php (56)
in D:\HtDocs\youhonest\trunk\protected\library\localization\Translation.php (39)
in D:\HtDocs\youhonest\trunk\protected\library\BaseController.php (20)
2012/08/19 02:04:43 [error] [exception.CDbException] exception 'CDbException' with message 'CDbCommand failed to execute the SQL statement: SQLSTATE[42000]: Syntax error or access violation: 1064 You have an error in your SQL syntax; check the manual that corresponds to your MySQL server version for the right syntax to use near 'key = 'eee' AND
                language = NULL AND
                plurality_mi' at line 2. The SQL statement executed was: SELECT * FROM `translations` `t` WHERE 
                key = :key AND
                language = :language AND
                plurality_min >= :plurality AND
                plurality_max >= :plurality LIMIT 1' in D:\HtDocs\youhonest\trunk\framework\db\CDbCommand.php:528
Stack trace:
#0 D:\HtDocs\youhonest\trunk\framework\db\CDbCommand.php(408): CDbCommand->queryInternal('fetch', Array, Array)
#1 D:\HtDocs\youhonest\trunk\framework\db\ar\CActiveRecord.php(1287): CDbCommand->queryRow()
#2 D:\HtDocs\youhonest\trunk\framework\db\ar\CActiveRecord.php(1392): CActiveRecord->query(Object(CDbCriteria))
#3 D:\HtDocs\youhonest\trunk\protected\library\localization\Translation.php(56): CActiveRecord->find(Array)
#4 D:\HtDocs\youhonest\trunk\protected\library\localization\Translation.php(39): Translation->_getValueByLanguage(NULL, 'eee', Array, 1)
#5 D:\HtDocs\youhonest\trunk\protected\library\BaseController.php(20): Translation->translate('eee', Array, 1)
#6 D:\HtDocs\youhonest\trunk\protected\views\site\index.php(19): BaseController->t('eee')
#7 D:\HtDocs\youhonest\trunk\framework\web\CBaseController.php(127): require('D:\HtDocs\youho...')
#8 D:\HtDocs\youhonest\trunk\framework\web\CBaseController.php(96): CBaseController->renderInternal('D:\HtDocs\youho...', NULL, true)
#9 D:\HtDocs\youhonest\trunk\framework\web\CController.php(870): CBaseController->renderFile('D:\HtDocs\youho...', NULL, true)
#10 D:\HtDocs\youhonest\trunk\framework\web\CController.php(783): CController->renderPartial('index', NULL, true)
#11 D:\HtDocs\youhonest\trunk\protected\controllers\SiteController.php(36): CController->render('index')
#12 D:\HtDocs\youhonest\trunk\framework\web\actions\CInlineAction.php(50): SiteController->actionIndex()
#13 D:\HtDocs\youhonest\trunk\framework\web\CController.php(309): CInlineAction->runWithParams(Array)
#14 D:\HtDocs\youhonest\trunk\framework\web\CController.php(287): CController->runAction(Object(CInlineAction))
#15 D:\HtDocs\youhonest\trunk\framework\web\CController.php(266): CController->runActionWithFilters(Object(CInlineAction), Array)
#16 D:\HtDocs\youhonest\trunk\framework\web\CWebApplication.php(276): CController->run('')
#17 D:\HtDocs\youhonest\trunk\framework\web\CWebApplication.php(135): CWebApplication->runController('')
#18 D:\HtDocs\youhonest\trunk\framework\base\CApplication.php(162): CWebApplication->processRequest()
#19 D:\HtDocs\youhonest\trunk\index.php(13): CApplication->run()
#20 {main}
REQUEST_URI=/youhonest/trunk/
---
2012/08/19 02:05:40 [error] [system.db.CDbCommand] CDbCommand::fetch() failed: SQLSTATE[42000]: Syntax error or access violation: 1064 You have an error in your SQL syntax; check the manual that corresponds to your MySQL server version for the right syntax to use near 'key = 'eee' AND
                language = 'ru' AND
                plurality_mi' at line 2. The SQL statement executed was: SELECT * FROM `translations` `t` WHERE 
                key = :key AND
                language = :language AND
                plurality_min >= :plurality AND
                plurality_max >= :plurality LIMIT 1.
in D:\HtDocs\youhonest\trunk\protected\library\localization\Translation.php (56)
in D:\HtDocs\youhonest\trunk\protected\library\localization\Translation.php (39)
in D:\HtDocs\youhonest\trunk\protected\library\BaseController.php (21)
2012/08/19 02:05:40 [error] [exception.CDbException] exception 'CDbException' with message 'CDbCommand failed to execute the SQL statement: SQLSTATE[42000]: Syntax error or access violation: 1064 You have an error in your SQL syntax; check the manual that corresponds to your MySQL server version for the right syntax to use near 'key = 'eee' AND
                language = 'ru' AND
                plurality_mi' at line 2. The SQL statement executed was: SELECT * FROM `translations` `t` WHERE 
                key = :key AND
                language = :language AND
                plurality_min >= :plurality AND
                plurality_max >= :plurality LIMIT 1' in D:\HtDocs\youhonest\trunk\framework\db\CDbCommand.php:528
Stack trace:
#0 D:\HtDocs\youhonest\trunk\framework\db\CDbCommand.php(408): CDbCommand->queryInternal('fetch', Array, Array)
#1 D:\HtDocs\youhonest\trunk\framework\db\ar\CActiveRecord.php(1287): CDbCommand->queryRow()
#2 D:\HtDocs\youhonest\trunk\framework\db\ar\CActiveRecord.php(1392): CActiveRecord->query(Object(CDbCriteria))
#3 D:\HtDocs\youhonest\trunk\protected\library\localization\Translation.php(56): CActiveRecord->find(Array)
#4 D:\HtDocs\youhonest\trunk\protected\library\localization\Translation.php(39): Translation->_getValueByLanguage('ru', 'eee', Array, 1)
#5 D:\HtDocs\youhonest\trunk\protected\library\BaseController.php(21): Translation->translate('eee', Array, 1)
#6 D:\HtDocs\youhonest\trunk\protected\views\site\index.php(19): BaseController->t('eee')
#7 D:\HtDocs\youhonest\trunk\framework\web\CBaseController.php(127): require('D:\HtDocs\youho...')
#8 D:\HtDocs\youhonest\trunk\framework\web\CBaseController.php(96): CBaseController->renderInternal('D:\HtDocs\youho...', NULL, true)
#9 D:\HtDocs\youhonest\trunk\framework\web\CController.php(870): CBaseController->renderFile('D:\HtDocs\youho...', NULL, true)
#10 D:\HtDocs\youhonest\trunk\framework\web\CController.php(783): CController->renderPartial('index', NULL, true)
#11 D:\HtDocs\youhonest\trunk\protected\controllers\SiteController.php(36): CController->render('index')
#12 D:\HtDocs\youhonest\trunk\framework\web\actions\CInlineAction.php(50): SiteController->actionIndex()
#13 D:\HtDocs\youhonest\trunk\framework\web\CController.php(309): CInlineAction->runWithParams(Array)
#14 D:\HtDocs\youhonest\trunk\framework\web\CController.php(287): CController->runAction(Object(CInlineAction))
#15 D:\HtDocs\youhonest\trunk\framework\web\CController.php(266): CController->runActionWithFilters(Object(CInlineAction), Array)
#16 D:\HtDocs\youhonest\trunk\framework\web\CWebApplication.php(276): CController->run('')
#17 D:\HtDocs\youhonest\trunk\framework\web\CWebApplication.php(135): CWebApplication->runController('')
#18 D:\HtDocs\youhonest\trunk\framework\base\CApplication.php(162): CWebApplication->processRequest()
#19 D:\HtDocs\youhonest\trunk\index.php(13): CApplication->run()
#20 {main}
REQUEST_URI=/youhonest/trunk/
---
2012/08/19 02:05:42 [error] [system.db.CDbCommand] CDbCommand::fetch() failed: SQLSTATE[42000]: Syntax error or access violation: 1064 You have an error in your SQL syntax; check the manual that corresponds to your MySQL server version for the right syntax to use near 'key = 'eee' AND
                language = 'ru' AND
                plurality_mi' at line 2. The SQL statement executed was: SELECT * FROM `translations` `t` WHERE 
                key = :key AND
                language = :language AND
                plurality_min >= :plurality AND
                plurality_max >= :plurality LIMIT 1.
in D:\HtDocs\youhonest\trunk\protected\library\localization\Translation.php (56)
in D:\HtDocs\youhonest\trunk\protected\library\localization\Translation.php (39)
in D:\HtDocs\youhonest\trunk\protected\library\BaseController.php (21)
2012/08/19 02:05:42 [error] [exception.CDbException] exception 'CDbException' with message 'CDbCommand failed to execute the SQL statement: SQLSTATE[42000]: Syntax error or access violation: 1064 You have an error in your SQL syntax; check the manual that corresponds to your MySQL server version for the right syntax to use near 'key = 'eee' AND
                language = 'ru' AND
                plurality_mi' at line 2. The SQL statement executed was: SELECT * FROM `translations` `t` WHERE 
                key = :key AND
                language = :language AND
                plurality_min >= :plurality AND
                plurality_max >= :plurality LIMIT 1' in D:\HtDocs\youhonest\trunk\framework\db\CDbCommand.php:528
Stack trace:
#0 D:\HtDocs\youhonest\trunk\framework\db\CDbCommand.php(408): CDbCommand->queryInternal('fetch', Array, Array)
#1 D:\HtDocs\youhonest\trunk\framework\db\ar\CActiveRecord.php(1287): CDbCommand->queryRow()
#2 D:\HtDocs\youhonest\trunk\framework\db\ar\CActiveRecord.php(1392): CActiveRecord->query(Object(CDbCriteria))
#3 D:\HtDocs\youhonest\trunk\protected\library\localization\Translation.php(56): CActiveRecord->find(Array)
#4 D:\HtDocs\youhonest\trunk\protected\library\localization\Translation.php(39): Translation->_getValueByLanguage('ru', 'eee', Array, 1)
#5 D:\HtDocs\youhonest\trunk\protected\library\BaseController.php(21): Translation->translate('eee', Array, 1)
#6 D:\HtDocs\youhonest\trunk\protected\views\site\index.php(19): BaseController->t('eee')
#7 D:\HtDocs\youhonest\trunk\framework\web\CBaseController.php(127): require('D:\HtDocs\youho...')
#8 D:\HtDocs\youhonest\trunk\framework\web\CBaseController.php(96): CBaseController->renderInternal('D:\HtDocs\youho...', NULL, true)
#9 D:\HtDocs\youhonest\trunk\framework\web\CController.php(870): CBaseController->renderFile('D:\HtDocs\youho...', NULL, true)
#10 D:\HtDocs\youhonest\trunk\framework\web\CController.php(783): CController->renderPartial('index', NULL, true)
#11 D:\HtDocs\youhonest\trunk\protected\controllers\SiteController.php(36): CController->render('index')
#12 D:\HtDocs\youhonest\trunk\framework\web\actions\CInlineAction.php(50): SiteController->actionIndex()
#13 D:\HtDocs\youhonest\trunk\framework\web\CController.php(309): CInlineAction->runWithParams(Array)
#14 D:\HtDocs\youhonest\trunk\framework\web\CController.php(287): CController->runAction(Object(CInlineAction))
#15 D:\HtDocs\youhonest\trunk\framework\web\CController.php(266): CController->runActionWithFilters(Object(CInlineAction), Array)
#16 D:\HtDocs\youhonest\trunk\framework\web\CWebApplication.php(276): CController->run('')
#17 D:\HtDocs\youhonest\trunk\framework\web\CWebApplication.php(135): CWebApplication->runController('')
#18 D:\HtDocs\youhonest\trunk\framework\base\CApplication.php(162): CWebApplication->processRequest()
#19 D:\HtDocs\youhonest\trunk\index.php(13): CApplication->run()
#20 {main}
REQUEST_URI=/youhonest/trunk/
---
2012/08/25 22:21:32 [error] [exception.CException] exception 'CException' with message 'IndexController cannot find the requested view "index".' in D:\HtDocs\youhonest\trunk\framework\web\CController.php:879
Stack trace:
#0 D:\HtDocs\youhonest\trunk\framework\web\CController.php(783): CController->renderPartial('index', NULL, true)
#1 D:\HtDocs\youhonest\trunk\protected\controllers\IndexController.php(36): CController->render('index')
#2 D:\HtDocs\youhonest\trunk\framework\web\actions\CInlineAction.php(50): IndexController->actionIndex()
#3 D:\HtDocs\youhonest\trunk\framework\web\CController.php(309): CInlineAction->runWithParams(Array)
#4 D:\HtDocs\youhonest\trunk\framework\web\CController.php(287): CController->runAction(Object(CInlineAction))
#5 D:\HtDocs\youhonest\trunk\framework\web\CController.php(266): CController->runActionWithFilters(Object(CInlineAction), Array)
#6 D:\HtDocs\youhonest\trunk\framework\web\CWebApplication.php(276): CController->run('')
#7 D:\HtDocs\youhonest\trunk\framework\web\CWebApplication.php(135): CWebApplication->runController('')
#8 D:\HtDocs\youhonest\trunk\framework\base\CApplication.php(162): CWebApplication->processRequest()
#9 D:\HtDocs\youhonest\trunk\index.php(13): CApplication->run()
#10 {main}
REQUEST_URI=/youhonest/trunk/
HTTP_REFERER=http://localhost/youhonest/
---
2012/08/25 22:21:59 [error] [exception.CException] exception 'CException' with message 'IndexController cannot find the requested view "index/index".' in D:\HtDocs\youhonest\trunk\framework\web\CController.php:879
Stack trace:
#0 D:\HtDocs\youhonest\trunk\framework\web\CController.php(783): CController->renderPartial('index/index', NULL, true)
#1 D:\HtDocs\youhonest\trunk\protected\controllers\IndexController.php(36): CController->render('index/index')
#2 D:\HtDocs\youhonest\trunk\framework\web\actions\CInlineAction.php(50): IndexController->actionIndex()
#3 D:\HtDocs\youhonest\trunk\framework\web\CController.php(309): CInlineAction->runWithParams(Array)
#4 D:\HtDocs\youhonest\trunk\framework\web\CController.php(287): CController->runAction(Object(CInlineAction))
#5 D:\HtDocs\youhonest\trunk\framework\web\CController.php(266): CController->runActionWithFilters(Object(CInlineAction), Array)
#6 D:\HtDocs\youhonest\trunk\framework\web\CWebApplication.php(276): CController->run('')
#7 D:\HtDocs\youhonest\trunk\framework\web\CWebApplication.php(135): CWebApplication->runController('')
#8 D:\HtDocs\youhonest\trunk\framework\base\CApplication.php(162): CWebApplication->processRequest()
#9 D:\HtDocs\youhonest\trunk\index.php(13): CApplication->run()
#10 {main}
REQUEST_URI=/youhonest/trunk/
HTTP_REFERER=http://localhost/youhonest/
---
2012/08/25 22:22:09 [error] [exception.CException] exception 'CException' with message 'IndexController cannot find the requested view "index/index".' in D:\HtDocs\youhonest\trunk\framework\web\CController.php:879
Stack trace:
#0 D:\HtDocs\youhonest\trunk\framework\web\CController.php(783): CController->renderPartial('index/index', NULL, true)
#1 D:\HtDocs\youhonest\trunk\protected\controllers\IndexController.php(36): CController->render('index/index')
#2 D:\HtDocs\youhonest\trunk\framework\web\actions\CInlineAction.php(50): IndexController->actionIndex()
#3 D:\HtDocs\youhonest\trunk\framework\web\CController.php(309): CInlineAction->runWithParams(Array)
#4 D:\HtDocs\youhonest\trunk\framework\web\CController.php(287): CController->runAction(Object(CInlineAction))
#5 D:\HtDocs\youhonest\trunk\framework\web\CController.php(266): CController->runActionWithFilters(Object(CInlineAction), Array)
#6 D:\HtDocs\youhonest\trunk\framework\web\CWebApplication.php(276): CController->run('')
#7 D:\HtDocs\youhonest\trunk\framework\web\CWebApplication.php(135): CWebApplication->runController('')
#8 D:\HtDocs\youhonest\trunk\framework\base\CApplication.php(162): CWebApplication->processRequest()
#9 D:\HtDocs\youhonest\trunk\index.php(13): CApplication->run()
#10 {main}
REQUEST_URI=/youhonest/trunk/
HTTP_REFERER=http://localhost/youhonest/
---
2012/08/25 22:22:17 [error] [exception.CException] exception 'CException' with message 'IndexController cannot find the requested view "index/index".' in D:\HtDocs\youhonest\trunk\framework\web\CController.php:879
Stack trace:
#0 D:\HtDocs\youhonest\trunk\framework\web\CController.php(783): CController->renderPartial('index/index', NULL, true)
#1 D:\HtDocs\youhonest\trunk\protected\controllers\IndexController.php(36): CController->render('index/index')
#2 D:\HtDocs\youhonest\trunk\framework\web\actions\CInlineAction.php(50): IndexController->actionIndex()
#3 D:\HtDocs\youhonest\trunk\framework\web\CController.php(309): CInlineAction->runWithParams(Array)
#4 D:\HtDocs\youhonest\trunk\framework\web\CController.php(287): CController->runAction(Object(CInlineAction))
#5 D:\HtDocs\youhonest\trunk\framework\web\CController.php(266): CController->runActionWithFilters(Object(CInlineAction), Array)
#6 D:\HtDocs\youhonest\trunk\framework\web\CWebApplication.php(276): CController->run('')
#7 D:\HtDocs\youhonest\trunk\framework\web\CWebApplication.php(135): CWebApplication->runController('')
#8 D:\HtDocs\youhonest\trunk\framework\base\CApplication.php(162): CWebApplication->processRequest()
#9 D:\HtDocs\youhonest\trunk\index.php(13): CApplication->run()
#10 {main}
REQUEST_URI=/youhonest/trunk/
HTTP_REFERER=http://localhost/youhonest/
---
2012/08/25 22:22:19 [error] [exception.CException] exception 'CException' with message 'IndexController cannot find the requested view "index/index".' in D:\HtDocs\youhonest\trunk\framework\web\CController.php:879
Stack trace:
#0 D:\HtDocs\youhonest\trunk\framework\web\CController.php(783): CController->renderPartial('index/index', NULL, true)
#1 D:\HtDocs\youhonest\trunk\protected\controllers\IndexController.php(36): CController->render('index/index')
#2 D:\HtDocs\youhonest\trunk\framework\web\actions\CInlineAction.php(50): IndexController->actionIndex()
#3 D:\HtDocs\youhonest\trunk\framework\web\CController.php(309): CInlineAction->runWithParams(Array)
#4 D:\HtDocs\youhonest\trunk\framework\web\CController.php(287): CController->runAction(Object(CInlineAction))
#5 D:\HtDocs\youhonest\trunk\framework\web\CController.php(266): CController->runActionWithFilters(Object(CInlineAction), Array)
#6 D:\HtDocs\youhonest\trunk\framework\web\CWebApplication.php(276): CController->run('')
#7 D:\HtDocs\youhonest\trunk\framework\web\CWebApplication.php(135): CWebApplication->runController('')
#8 D:\HtDocs\youhonest\trunk\framework\base\CApplication.php(162): CWebApplication->processRequest()
#9 D:\HtDocs\youhonest\trunk\index.php(13): CApplication->run()
#10 {main}
REQUEST_URI=/youhonest/trunk/
HTTP_REFERER=http://localhost/youhonest/
---
2012/08/25 22:23:32 [error] [exception.CException] exception 'CException' with message 'IndexController cannot find the requested view "index/index".' in D:\HtDocs\youhonest\trunk\framework\web\CController.php:879
Stack trace:
#0 D:\HtDocs\youhonest\trunk\framework\web\CController.php(783): CController->renderPartial('index/index', NULL, true)
#1 D:\HtDocs\youhonest\trunk\protected\controllers\IndexController.php(36): CController->render('index/index')
#2 D:\HtDocs\youhonest\trunk\framework\web\actions\CInlineAction.php(50): IndexController->actionIndex()
#3 D:\HtDocs\youhonest\trunk\framework\web\CController.php(309): CInlineAction->runWithParams(Array)
#4 D:\HtDocs\youhonest\trunk\framework\web\CController.php(287): CController->runAction(Object(CInlineAction))
#5 D:\HtDocs\youhonest\trunk\framework\web\CController.php(266): CController->runActionWithFilters(Object(CInlineAction), Array)
#6 D:\HtDocs\youhonest\trunk\framework\web\CWebApplication.php(276): CController->run('')
#7 D:\HtDocs\youhonest\trunk\framework\web\CWebApplication.php(135): CWebApplication->runController('')
#8 D:\HtDocs\youhonest\trunk\framework\base\CApplication.php(162): CWebApplication->processRequest()
#9 D:\HtDocs\youhonest\trunk\index.php(13): CApplication->run()
#10 {main}
REQUEST_URI=/youhonest/trunk/
HTTP_REFERER=http://localhost/youhonest/
---
2012/08/25 22:23:34 [error] [exception.CException] exception 'CException' with message 'IndexController cannot find the requested view "index/index".' in D:\HtDocs\youhonest\trunk\framework\web\CController.php:879
Stack trace:
#0 D:\HtDocs\youhonest\trunk\framework\web\CController.php(783): CController->renderPartial('index/index', NULL, true)
#1 D:\HtDocs\youhonest\trunk\protected\controllers\IndexController.php(36): CController->render('index/index')
#2 D:\HtDocs\youhonest\trunk\framework\web\actions\CInlineAction.php(50): IndexController->actionIndex()
#3 D:\HtDocs\youhonest\trunk\framework\web\CController.php(309): CInlineAction->runWithParams(Array)
#4 D:\HtDocs\youhonest\trunk\framework\web\CController.php(287): CController->runAction(Object(CInlineAction))
#5 D:\HtDocs\youhonest\trunk\framework\web\CController.php(266): CController->runActionWithFilters(Object(CInlineAction), Array)
#6 D:\HtDocs\youhonest\trunk\framework\web\CWebApplication.php(276): CController->run('')
#7 D:\HtDocs\youhonest\trunk\framework\web\CWebApplication.php(135): CWebApplication->runController('')
#8 D:\HtDocs\youhonest\trunk\framework\base\CApplication.php(162): CWebApplication->processRequest()
#9 D:\HtDocs\youhonest\trunk\index.php(13): CApplication->run()
#10 {main}
REQUEST_URI=/youhonest/trunk/
HTTP_REFERER=http://localhost/youhonest/
---
2012/08/25 22:26:06 [error] [exception.CException] exception 'CException' with message 'Property "IndexController.user" is not defined.' in D:\HtDocs\youhonest\trunk\framework\base\CComponent.php:131
Stack trace:
#0 D:\HtDocs\youhonest\trunk\protected\controllers\IndexController.php(30): CComponent->__get('user')
#1 D:\HtDocs\youhonest\trunk\framework\web\actions\CInlineAction.php(50): IndexController->actionIndex()
#2 D:\HtDocs\youhonest\trunk\framework\web\CController.php(309): CInlineAction->runWithParams(Array)
#3 D:\HtDocs\youhonest\trunk\framework\web\CController.php(287): CController->runAction(Object(CInlineAction))
#4 D:\HtDocs\youhonest\trunk\framework\web\CController.php(266): CController->runActionWithFilters(Object(CInlineAction), Array)
#5 D:\HtDocs\youhonest\trunk\framework\web\CWebApplication.php(276): CController->run('')
#6 D:\HtDocs\youhonest\trunk\framework\web\CWebApplication.php(135): CWebApplication->runController('')
#7 D:\HtDocs\youhonest\trunk\framework\base\CApplication.php(162): CWebApplication->processRequest()
#8 D:\HtDocs\youhonest\trunk\index.php(13): CApplication->run()
#9 {main}
REQUEST_URI=/youhonest/trunk/
HTTP_REFERER=http://localhost/youhonest/
---
2012/08/25 22:26:07 [error] [exception.CException] exception 'CException' with message 'Property "IndexController.user" is not defined.' in D:\HtDocs\youhonest\trunk\framework\base\CComponent.php:131
Stack trace:
#0 D:\HtDocs\youhonest\trunk\protected\controllers\IndexController.php(30): CComponent->__get('user')
#1 D:\HtDocs\youhonest\trunk\framework\web\actions\CInlineAction.php(50): IndexController->actionIndex()
#2 D:\HtDocs\youhonest\trunk\framework\web\CController.php(309): CInlineAction->runWithParams(Array)
#3 D:\HtDocs\youhonest\trunk\framework\web\CController.php(287): CController->runAction(Object(CInlineAction))
#4 D:\HtDocs\youhonest\trunk\framework\web\CController.php(266): CController->runActionWithFilters(Object(CInlineAction), Array)
#5 D:\HtDocs\youhonest\trunk\framework\web\CWebApplication.php(276): CController->run('')
#6 D:\HtDocs\youhonest\trunk\framework\web\CWebApplication.php(135): CWebApplication->runController('')
#7 D:\HtDocs\youhonest\trunk\framework\base\CApplication.php(162): CWebApplication->processRequest()
#8 D:\HtDocs\youhonest\trunk\index.php(13): CApplication->run()
#9 {main}
REQUEST_URI=/youhonest/trunk/
HTTP_REFERER=http://localhost/youhonest/
---
2012/08/25 23:08:28 [error] [php] Undefined variable: networks (D:\HtDocs\youhonest\trunk\protected\views\index\login.php:1)
Stack trace:
#0 D:\HtDocs\youhonest\trunk\framework\web\CController.php(870): IndexController->renderFile()
#1 D:\HtDocs\youhonest\trunk\framework\web\CController.php(783): IndexController->renderPartial()
#2 D:\HtDocs\youhonest\trunk\protected\controllers\IndexController.php(85): IndexController->render()
#3 D:\HtDocs\youhonest\trunk\framework\web\actions\CInlineAction.php(50): IndexController->actionLogin()
#4 D:\HtDocs\youhonest\trunk\framework\web\CController.php(309): CInlineAction->runWithParams()
#5 D:\HtDocs\youhonest\trunk\framework\web\CController.php(287): IndexController->runAction()
#6 D:\HtDocs\youhonest\trunk\framework\web\CController.php(266): IndexController->runActionWithFilters()
#7 D:\HtDocs\youhonest\trunk\framework\web\CController.php(748): IndexController->run()
#8 D:\HtDocs\youhonest\trunk\protected\controllers\IndexController.php(31): IndexController->forward()
#9 D:\HtDocs\youhonest\trunk\framework\web\actions\CInlineAction.php(50): IndexController->actionIndex()
#10 D:\HtDocs\youhonest\trunk\framework\web\CController.php(309): CInlineAction->runWithParams()
#11 D:\HtDocs\youhonest\trunk\framework\web\CController.php(287): IndexController->runAction()
#12 D:\HtDocs\youhonest\trunk\framework\web\CController.php(266): IndexController->runActionWithFilters()
#13 D:\HtDocs\youhonest\trunk\framework\web\CWebApplication.php(276): IndexController->run()
#14 D:\HtDocs\youhonest\trunk\framework\web\CWebApplication.php(135): CWebApplication->runController()
#15 D:\HtDocs\youhonest\trunk\framework\base\CApplication.php(162): CWebApplication->processRequest()
#16 D:\HtDocs\youhonest\trunk\index.php(13): CWebApplication->run()
REQUEST_URI=/youhonest/trunk/
in D:\HtDocs\youhonest\trunk\protected\views\index\login.php (1)
in D:\HtDocs\youhonest\trunk\protected\controllers\IndexController.php (85)
in D:\HtDocs\youhonest\trunk\protected\controllers\IndexController.php (31)
2012/08/25 23:09:05 [error] [php] Undefined variable: networks (D:\HtDocs\youhonest\trunk\protected\views\index\login.php:1)
Stack trace:
#0 D:\HtDocs\youhonest\trunk\framework\web\CController.php(870): IndexController->renderFile()
#1 D:\HtDocs\youhonest\trunk\framework\web\CController.php(783): IndexController->renderPartial()
#2 D:\HtDocs\youhonest\trunk\protected\controllers\IndexController.php(84): IndexController->render()
#3 D:\HtDocs\youhonest\trunk\framework\web\actions\CInlineAction.php(50): IndexController->actionLogin()
#4 D:\HtDocs\youhonest\trunk\framework\web\CController.php(309): CInlineAction->runWithParams()
#5 D:\HtDocs\youhonest\trunk\framework\web\CController.php(287): IndexController->runAction()
#6 D:\HtDocs\youhonest\trunk\framework\web\CController.php(266): IndexController->runActionWithFilters()
#7 D:\HtDocs\youhonest\trunk\framework\web\CController.php(748): IndexController->run()
#8 D:\HtDocs\youhonest\trunk\protected\controllers\IndexController.php(31): IndexController->forward()
#9 D:\HtDocs\youhonest\trunk\framework\web\actions\CInlineAction.php(50): IndexController->actionIndex()
#10 D:\HtDocs\youhonest\trunk\framework\web\CController.php(309): CInlineAction->runWithParams()
#11 D:\HtDocs\youhonest\trunk\framework\web\CController.php(287): IndexController->runAction()
#12 D:\HtDocs\youhonest\trunk\framework\web\CController.php(266): IndexController->runActionWithFilters()
#13 D:\HtDocs\youhonest\trunk\framework\web\CWebApplication.php(276): IndexController->run()
#14 D:\HtDocs\youhonest\trunk\framework\web\CWebApplication.php(135): CWebApplication->runController()
#15 D:\HtDocs\youhonest\trunk\framework\base\CApplication.php(162): CWebApplication->processRequest()
#16 D:\HtDocs\youhonest\trunk\index.php(13): CWebApplication->run()
REQUEST_URI=/youhonest/trunk/
in D:\HtDocs\youhonest\trunk\protected\views\index\login.php (1)
in D:\HtDocs\youhonest\trunk\protected\controllers\IndexController.php (84)
in D:\HtDocs\youhonest\trunk\protected\controllers\IndexController.php (31)
2012/08/25 23:10:16 [error] [php] Undefined variable: data (D:\HtDocs\youhonest\trunk\protected\views\index\login.php:1)
Stack trace:
#0 D:\HtDocs\youhonest\trunk\framework\web\CController.php(870): IndexController->renderFile()
#1 D:\HtDocs\youhonest\trunk\framework\web\CController.php(783): IndexController->renderPartial()
#2 D:\HtDocs\youhonest\trunk\protected\controllers\IndexController.php(84): IndexController->render()
#3 D:\HtDocs\youhonest\trunk\framework\web\actions\CInlineAction.php(50): IndexController->actionLogin()
#4 D:\HtDocs\youhonest\trunk\framework\web\CController.php(309): CInlineAction->runWithParams()
#5 D:\HtDocs\youhonest\trunk\framework\web\CController.php(287): IndexController->runAction()
#6 D:\HtDocs\youhonest\trunk\framework\web\CController.php(266): IndexController->runActionWithFilters()
#7 D:\HtDocs\youhonest\trunk\framework\web\CController.php(748): IndexController->run()
#8 D:\HtDocs\youhonest\trunk\protected\controllers\IndexController.php(31): IndexController->forward()
#9 D:\HtDocs\youhonest\trunk\framework\web\actions\CInlineAction.php(50): IndexController->actionIndex()
#10 D:\HtDocs\youhonest\trunk\framework\web\CController.php(309): CInlineAction->runWithParams()
#11 D:\HtDocs\youhonest\trunk\framework\web\CController.php(287): IndexController->runAction()
#12 D:\HtDocs\youhonest\trunk\framework\web\CController.php(266): IndexController->runActionWithFilters()
#13 D:\HtDocs\youhonest\trunk\framework\web\CWebApplication.php(276): IndexController->run()
#14 D:\HtDocs\youhonest\trunk\framework\web\CWebApplication.php(135): CWebApplication->runController()
#15 D:\HtDocs\youhonest\trunk\framework\base\CApplication.php(162): CWebApplication->processRequest()
#16 D:\HtDocs\youhonest\trunk\index.php(13): CWebApplication->run()
REQUEST_URI=/youhonest/trunk/
in D:\HtDocs\youhonest\trunk\protected\views\index\login.php (1)
in D:\HtDocs\youhonest\trunk\protected\controllers\IndexController.php (84)
in D:\HtDocs\youhonest\trunk\protected\controllers\IndexController.php (31)
2012/08/25 23:12:59 [error] [php] Undefined variable: model (D:\HtDocs\youhonest\trunk\protected\views\index\login.php:1)
Stack trace:
#0 D:\HtDocs\youhonest\trunk\framework\web\CController.php(870): IndexController->renderFile()
#1 D:\HtDocs\youhonest\trunk\framework\web\CController.php(783): IndexController->renderPartial()
#2 D:\HtDocs\youhonest\trunk\protected\controllers\IndexController.php(84): IndexController->render()
#3 D:\HtDocs\youhonest\trunk\framework\web\actions\CInlineAction.php(50): IndexController->actionLogin()
#4 D:\HtDocs\youhonest\trunk\framework\web\CController.php(309): CInlineAction->runWithParams()
#5 D:\HtDocs\youhonest\trunk\framework\web\CController.php(287): IndexController->runAction()
#6 D:\HtDocs\youhonest\trunk\framework\web\CController.php(266): IndexController->runActionWithFilters()
#7 D:\HtDocs\youhonest\trunk\framework\web\CController.php(748): IndexController->run()
#8 D:\HtDocs\youhonest\trunk\protected\controllers\IndexController.php(31): IndexController->forward()
#9 D:\HtDocs\youhonest\trunk\framework\web\actions\CInlineAction.php(50): IndexController->actionIndex()
#10 D:\HtDocs\youhonest\trunk\framework\web\CController.php(309): CInlineAction->runWithParams()
#11 D:\HtDocs\youhonest\trunk\framework\web\CController.php(287): IndexController->runAction()
#12 D:\HtDocs\youhonest\trunk\framework\web\CController.php(266): IndexController->runActionWithFilters()
#13 D:\HtDocs\youhonest\trunk\framework\web\CWebApplication.php(276): IndexController->run()
#14 D:\HtDocs\youhonest\trunk\framework\web\CWebApplication.php(135): CWebApplication->runController()
#15 D:\HtDocs\youhonest\trunk\framework\base\CApplication.php(162): CWebApplication->processRequest()
#16 D:\HtDocs\youhonest\trunk\index.php(13): CWebApplication->run()
REQUEST_URI=/youhonest/trunk/
in D:\HtDocs\youhonest\trunk\protected\views\index\login.php (1)
in D:\HtDocs\youhonest\trunk\protected\controllers\IndexController.php (84)
in D:\HtDocs\youhonest\trunk\protected\controllers\IndexController.php (31)
2012/08/25 23:15:06 [error] [php] Undefined variable: networks (D:\HtDocs\youhonest\trunk\protected\views\index\login.php:1)
Stack trace:
#0 D:\HtDocs\youhonest\trunk\framework\web\CController.php(870): IndexController->renderFile()
#1 D:\HtDocs\youhonest\trunk\framework\web\CController.php(783): IndexController->renderPartial()
#2 D:\HtDocs\youhonest\trunk\protected\controllers\IndexController.php(109): IndexController->render()
#3 D:\HtDocs\youhonest\trunk\framework\web\actions\CInlineAction.php(50): IndexController->actionLogin()
#4 D:\HtDocs\youhonest\trunk\framework\web\CController.php(309): CInlineAction->runWithParams()
#5 D:\HtDocs\youhonest\trunk\framework\web\CController.php(287): IndexController->runAction()
#6 D:\HtDocs\youhonest\trunk\framework\web\CController.php(266): IndexController->runActionWithFilters()
#7 D:\HtDocs\youhonest\trunk\framework\web\CController.php(748): IndexController->run()
#8 D:\HtDocs\youhonest\trunk\protected\controllers\IndexController.php(31): IndexController->forward()
#9 D:\HtDocs\youhonest\trunk\framework\web\actions\CInlineAction.php(50): IndexController->actionIndex()
#10 D:\HtDocs\youhonest\trunk\framework\web\CController.php(309): CInlineAction->runWithParams()
#11 D:\HtDocs\youhonest\trunk\framework\web\CController.php(287): IndexController->runAction()
#12 D:\HtDocs\youhonest\trunk\framework\web\CController.php(266): IndexController->runActionWithFilters()
#13 D:\HtDocs\youhonest\trunk\framework\web\CWebApplication.php(276): IndexController->run()
#14 D:\HtDocs\youhonest\trunk\framework\web\CWebApplication.php(135): CWebApplication->runController()
#15 D:\HtDocs\youhonest\trunk\framework\base\CApplication.php(162): CWebApplication->processRequest()
#16 D:\HtDocs\youhonest\trunk\index.php(13): CWebApplication->run()
REQUEST_URI=/youhonest/trunk/
in D:\HtDocs\youhonest\trunk\protected\views\index\login.php (1)
in D:\HtDocs\youhonest\trunk\protected\controllers\IndexController.php (109)
in D:\HtDocs\youhonest\trunk\protected\controllers\IndexController.php (31)
2012/08/25 23:15:25 [error] [php] Undefined variable: networks (D:\HtDocs\youhonest\trunk\protected\views\index\login.php:1)
Stack trace:
#0 D:\HtDocs\youhonest\trunk\framework\web\CController.php(870): IndexController->renderFile()
#1 D:\HtDocs\youhonest\trunk\framework\web\CController.php(783): IndexController->renderPartial()
#2 D:\HtDocs\youhonest\trunk\protected\controllers\IndexController.php(109): IndexController->render()
#3 D:\HtDocs\youhonest\trunk\framework\web\actions\CInlineAction.php(50): IndexController->actionLogin()
#4 D:\HtDocs\youhonest\trunk\framework\web\CController.php(309): CInlineAction->runWithParams()
#5 D:\HtDocs\youhonest\trunk\framework\web\CController.php(287): IndexController->runAction()
#6 D:\HtDocs\youhonest\trunk\framework\web\CController.php(266): IndexController->runActionWithFilters()
#7 D:\HtDocs\youhonest\trunk\framework\web\CController.php(748): IndexController->run()
#8 D:\HtDocs\youhonest\trunk\protected\controllers\IndexController.php(31): IndexController->forward()
#9 D:\HtDocs\youhonest\trunk\framework\web\actions\CInlineAction.php(50): IndexController->actionIndex()
#10 D:\HtDocs\youhonest\trunk\framework\web\CController.php(309): CInlineAction->runWithParams()
#11 D:\HtDocs\youhonest\trunk\framework\web\CController.php(287): IndexController->runAction()
#12 D:\HtDocs\youhonest\trunk\framework\web\CController.php(266): IndexController->runActionWithFilters()
#13 D:\HtDocs\youhonest\trunk\framework\web\CWebApplication.php(276): IndexController->run()
#14 D:\HtDocs\youhonest\trunk\framework\web\CWebApplication.php(135): CWebApplication->runController()
#15 D:\HtDocs\youhonest\trunk\framework\base\CApplication.php(162): CWebApplication->processRequest()
#16 D:\HtDocs\youhonest\trunk\index.php(13): CWebApplication->run()
REQUEST_URI=/youhonest/trunk/
in D:\HtDocs\youhonest\trunk\protected\views\index\login.php (1)
in D:\HtDocs\youhonest\trunk\protected\controllers\IndexController.php (109)
in D:\HtDocs\youhonest\trunk\protected\controllers\IndexController.php (31)
2012/08/25 23:16:54 [error] [exception.CException] exception 'CException' with message 'NetworkModel and its behaviors do not have a method or closure named "getAuthorizationURL".' in D:\HtDocs\youhonest\trunk\framework\base\CComponent.php:266
Stack trace:
#0 D:\HtDocs\youhonest\trunk\framework\db\ar\CActiveRecord.php(226): CComponent->__call('getAuthorizatio...', Array)
#1 D:\HtDocs\youhonest\trunk\protected\views\index\login.php(4): CActiveRecord->__call('getAuthorizatio...', Array)
#2 D:\HtDocs\youhonest\trunk\protected\views\index\login.php(4): NetworkModel->getAuthorizationURL()
#3 D:\HtDocs\youhonest\trunk\framework\web\CBaseController.php(127): require('D:\HtDocs\youho...')
#4 D:\HtDocs\youhonest\trunk\framework\web\CBaseController.php(96): CBaseController->renderInternal('D:\HtDocs\youho...', Array, true)
#5 D:\HtDocs\youhonest\trunk\framework\web\CController.php(870): CBaseController->renderFile('D:\HtDocs\youho...', Array, true)
#6 D:\HtDocs\youhonest\trunk\framework\web\CController.php(783): CController->renderPartial('login', Array, true)
#7 D:\HtDocs\youhonest\trunk\protected\controllers\IndexController.php(88): CController->render('login', Array)
#8 D:\HtDocs\youhonest\trunk\framework\web\actions\CInlineAction.php(50): IndexController->actionLogin()
#9 D:\HtDocs\youhonest\trunk\framework\web\CController.php(309): CInlineAction->runWithParams(Array)
#10 D:\HtDocs\youhonest\trunk\framework\web\CController.php(287): CController->runAction(Object(CInlineAction))
#11 D:\HtDocs\youhonest\trunk\framework\web\CController.php(266): CController->runActionWithFilters(Object(CInlineAction), Array)
#12 D:\HtDocs\youhonest\trunk\framework\web\CController.php(748): CController->run('login')
#13 D:\HtDocs\youhonest\trunk\protected\controllers\IndexController.php(31): CController->forward('login')
#14 D:\HtDocs\youhonest\trunk\framework\web\actions\CInlineAction.php(50): IndexController->actionIndex()
#15 D:\HtDocs\youhonest\trunk\framework\web\CController.php(309): CInlineAction->runWithParams(Array)
#16 D:\HtDocs\youhonest\trunk\framework\web\CController.php(287): CController->runAction(Object(CInlineAction))
#17 D:\HtDocs\youhonest\trunk\framework\web\CController.php(266): CController->runActionWithFilters(Object(CInlineAction), Array)
#18 D:\HtDocs\youhonest\trunk\framework\web\CWebApplication.php(276): CController->run('')
#19 D:\HtDocs\youhonest\trunk\framework\web\CWebApplication.php(135): CWebApplication->runController('')
#20 D:\HtDocs\youhonest\trunk\framework\base\CApplication.php(162): CWebApplication->processRequest()
#21 D:\HtDocs\youhonest\trunk\index.php(13): CApplication->run()
#22 {main}
REQUEST_URI=/youhonest/trunk/
HTTP_REFERER=http://localhost/youhonest/
---
2012/08/25 23:21:11 [error] [php] Undefined variable: params (D:\HtDocs\youhonest\trunk\protected\library\networks\NetworkFactory.php:52)
Stack trace:
#0 D:\HtDocs\youhonest\trunk\protected\library\networks\NetworkFactory.php(15): _getInstance()
#1 D:\HtDocs\youhonest\trunk\protected\controllers\IndexController.php(83): getAllNetworks()
#2 D:\HtDocs\youhonest\trunk\framework\web\actions\CInlineAction.php(50): IndexController->actionLogin()
#3 D:\HtDocs\youhonest\trunk\framework\web\CController.php(309): CInlineAction->runWithParams()
#4 D:\HtDocs\youhonest\trunk\framework\web\CController.php(287): IndexController->runAction()
#5 D:\HtDocs\youhonest\trunk\framework\web\CController.php(266): IndexController->runActionWithFilters()
#6 D:\HtDocs\youhonest\trunk\framework\web\CController.php(748): IndexController->run()
#7 D:\HtDocs\youhonest\trunk\protected\controllers\IndexController.php(31): IndexController->forward()
#8 D:\HtDocs\youhonest\trunk\framework\web\actions\CInlineAction.php(50): IndexController->actionIndex()
#9 D:\HtDocs\youhonest\trunk\framework\web\CController.php(309): CInlineAction->runWithParams()
#10 D:\HtDocs\youhonest\trunk\framework\web\CController.php(287): IndexController->runAction()
#11 D:\HtDocs\youhonest\trunk\framework\web\CController.php(266): IndexController->runActionWithFilters()
#12 D:\HtDocs\youhonest\trunk\framework\web\CWebApplication.php(276): IndexController->run()
#13 D:\HtDocs\youhonest\trunk\framework\web\CWebApplication.php(135): CWebApplication->runController()
#14 D:\HtDocs\youhonest\trunk\framework\base\CApplication.php(162): CWebApplication->processRequest()
#15 D:\HtDocs\youhonest\trunk\index.php(13): CWebApplication->run()
REQUEST_URI=/youhonest/trunk/
in D:\HtDocs\youhonest\trunk\protected\library\networks\NetworkFactory.php (52)
in D:\HtDocs\youhonest\trunk\protected\library\networks\NetworkFactory.php (11)
in D:\HtDocs\youhonest\trunk\protected\library\networks\NetworkFactory.php (42)
2012/08/25 23:22:57 [error] [php] Undefined variable: originalModel (D:\HtDocs\youhonest\trunk\protected\library\networks\NetworkBase.php:18)
Stack trace:
#0 D:\HtDocs\youhonest\trunk\protected\library\networks\NetworkFactory.php(42): NetworkFactory->__construct()
#1 D:\HtDocs\youhonest\trunk\protected\library\networks\NetworkFactory.php(15): _getInstance()
#2 D:\HtDocs\youhonest\trunk\protected\controllers\IndexController.php(83): getAllNetworks()
#3 D:\HtDocs\youhonest\trunk\framework\web\actions\CInlineAction.php(50): IndexController->actionLogin()
#4 D:\HtDocs\youhonest\trunk\framework\web\CController.php(309): CInlineAction->runWithParams()
#5 D:\HtDocs\youhonest\trunk\framework\web\CController.php(287): IndexController->runAction()
#6 D:\HtDocs\youhonest\trunk\framework\web\CController.php(266): IndexController->runActionWithFilters()
#7 D:\HtDocs\youhonest\trunk\framework\web\CController.php(748): IndexController->run()
#8 D:\HtDocs\youhonest\trunk\protected\controllers\IndexController.php(31): IndexController->forward()
#9 D:\HtDocs\youhonest\trunk\framework\web\actions\CInlineAction.php(50): IndexController->actionIndex()
#10 D:\HtDocs\youhonest\trunk\framework\web\CController.php(309): CInlineAction->runWithParams()
#11 D:\HtDocs\youhonest\trunk\framework\web\CController.php(287): IndexController->runAction()
#12 D:\HtDocs\youhonest\trunk\framework\web\CController.php(266): IndexController->runActionWithFilters()
#13 D:\HtDocs\youhonest\trunk\framework\web\CWebApplication.php(276): IndexController->run()
#14 D:\HtDocs\youhonest\trunk\framework\web\CWebApplication.php(135): CWebApplication->runController()
#15 D:\HtDocs\youhonest\trunk\framework\base\CApplication.php(162): CWebApplication->processRequest()
#16 D:\HtDocs\youhonest\trunk\index.php(13): CWebApplication->run()
REQUEST_URI=/youhonest/trunk/
in D:\HtDocs\youhonest\trunk\protected\library\networks\NetworkBase.php (18)
in D:\HtDocs\youhonest\trunk\protected\library\networks\NetworkFactory.php (52)
in D:\HtDocs\youhonest\trunk\protected\library\networks\NetworkFactory.php (11)
2012/08/25 23:23:08 [error] [php] Undefined index: comments (D:\HtDocs\youhonest\trunk\protected\library\networks\NetworkBase.php:27)
Stack trace:
#0 D:\HtDocs\youhonest\trunk\protected\library\networks\NetworkFactory.php(42): NetworkFactory->__construct()
#1 D:\HtDocs\youhonest\trunk\protected\library\networks\NetworkFactory.php(15): _getInstance()
#2 D:\HtDocs\youhonest\trunk\protected\controllers\IndexController.php(83): getAllNetworks()
#3 D:\HtDocs\youhonest\trunk\framework\web\actions\CInlineAction.php(50): IndexController->actionLogin()
#4 D:\HtDocs\youhonest\trunk\framework\web\CController.php(309): CInlineAction->runWithParams()
#5 D:\HtDocs\youhonest\trunk\framework\web\CController.php(287): IndexController->runAction()
#6 D:\HtDocs\youhonest\trunk\framework\web\CController.php(266): IndexController->runActionWithFilters()
#7 D:\HtDocs\youhonest\trunk\framework\web\CController.php(748): IndexController->run()
#8 D:\HtDocs\youhonest\trunk\protected\controllers\IndexController.php(31): IndexController->forward()
#9 D:\HtDocs\youhonest\trunk\framework\web\actions\CInlineAction.php(50): IndexController->actionIndex()
#10 D:\HtDocs\youhonest\trunk\framework\web\CController.php(309): CInlineAction->runWithParams()
#11 D:\HtDocs\youhonest\trunk\framework\web\CController.php(287): IndexController->runAction()
#12 D:\HtDocs\youhonest\trunk\framework\web\CController.php(266): IndexController->runActionWithFilters()
#13 D:\HtDocs\youhonest\trunk\framework\web\CWebApplication.php(276): IndexController->run()
#14 D:\HtDocs\youhonest\trunk\framework\web\CWebApplication.php(135): CWebApplication->runController()
#15 D:\HtDocs\youhonest\trunk\framework\base\CApplication.php(162): CWebApplication->processRequest()
#16 D:\HtDocs\youhonest\trunk\index.php(13): CWebApplication->run()
REQUEST_URI=/youhonest/trunk/
in D:\HtDocs\youhonest\trunk\protected\library\networks\NetworkBase.php (27)
in D:\HtDocs\youhonest\trunk\protected\library\networks\NetworkFactory.php (57)
in D:\HtDocs\youhonest\trunk\protected\library\networks\NetworkFactory.php (11)
2012/08/25 23:23:37 [error] [php] include(FacebookNetwork.php) [<a href='function.include'>function.include</a>]: failed to open stream: No such file or directory (D:\HtDocs\youhonest\trunk\framework\YiiBase.php:418)
Stack trace:
#0 unknown(0): spl_autoload_call()
#1 D:\HtDocs\youhonest\trunk\protected\library\networks\NetworkFactory.php(51): class_exists()
#2 D:\HtDocs\youhonest\trunk\protected\library\networks\NetworkFactory.php(11): NetworkFactory->_loadData()
#3 D:\HtDocs\youhonest\trunk\protected\library\networks\NetworkFactory.php(42): NetworkFactory->__construct()
#4 D:\HtDocs\youhonest\trunk\protected\library\networks\NetworkFactory.php(15): _getInstance()
#5 D:\HtDocs\youhonest\trunk\protected\controllers\IndexController.php(83): getAllNetworks()
#6 D:\HtDocs\youhonest\trunk\framework\web\actions\CInlineAction.php(50): IndexController->actionLogin()
#7 D:\HtDocs\youhonest\trunk\framework\web\CController.php(309): CInlineAction->runWithParams()
#8 D:\HtDocs\youhonest\trunk\framework\web\CController.php(287): IndexController->runAction()
#9 D:\HtDocs\youhonest\trunk\framework\web\CController.php(266): IndexController->runActionWithFilters()
#10 D:\HtDocs\youhonest\trunk\framework\web\CController.php(748): IndexController->run()
#11 D:\HtDocs\youhonest\trunk\protected\controllers\IndexController.php(31): IndexController->forward()
#12 D:\HtDocs\youhonest\trunk\framework\web\actions\CInlineAction.php(50): IndexController->actionIndex()
#13 D:\HtDocs\youhonest\trunk\framework\web\CController.php(309): CInlineAction->runWithParams()
#14 D:\HtDocs\youhonest\trunk\framework\web\CController.php(287): IndexController->runAction()
#15 D:\HtDocs\youhonest\trunk\framework\web\CController.php(266): IndexController->runActionWithFilters()
#16 D:\HtDocs\youhonest\trunk\framework\web\CWebApplication.php(276): IndexController->run()
#17 D:\HtDocs\youhonest\trunk\framework\web\CWebApplication.php(135): CWebApplication->runController()
#18 D:\HtDocs\youhonest\trunk\framework\base\CApplication.php(162): CWebApplication->processRequest()
#19 D:\HtDocs\youhonest\trunk\index.php(13): CWebApplication->run()
REQUEST_URI=/youhonest/trunk/
in D:\HtDocs\youhonest\trunk\protected\library\networks\NetworkFactory.php (51)
in D:\HtDocs\youhonest\trunk\protected\library\networks\NetworkFactory.php (11)
in D:\HtDocs\youhonest\trunk\protected\library\networks\NetworkFactory.php (42)
2012/08/25 23:24:38 [error] [php] sprintf() [<a href='function.sprintf'>function.sprintf</a>]: Too few arguments (D:\HtDocs\youhonest\trunk\protected\library\networks\VkontakteNetwork.php:14)
Stack trace:
#0 D:\HtDocs\youhonest\trunk\framework\web\CBaseController.php(127): require()
#1 D:\HtDocs\youhonest\trunk\framework\web\CBaseController.php(96): IndexController->renderInternal()
#2 D:\HtDocs\youhonest\trunk\framework\web\CController.php(870): IndexController->renderFile()
#3 D:\HtDocs\youhonest\trunk\framework\web\CController.php(783): IndexController->renderPartial()
#4 D:\HtDocs\youhonest\trunk\protected\controllers\IndexController.php(88): IndexController->render()
#5 D:\HtDocs\youhonest\trunk\framework\web\actions\CInlineAction.php(50): IndexController->actionLogin()
#6 D:\HtDocs\youhonest\trunk\framework\web\CController.php(309): CInlineAction->runWithParams()
#7 D:\HtDocs\youhonest\trunk\framework\web\CController.php(287): IndexController->runAction()
#8 D:\HtDocs\youhonest\trunk\framework\web\CController.php(266): IndexController->runActionWithFilters()
#9 D:\HtDocs\youhonest\trunk\framework\web\CController.php(748): IndexController->run()
#10 D:\HtDocs\youhonest\trunk\protected\controllers\IndexController.php(31): IndexController->forward()
#11 D:\HtDocs\youhonest\trunk\framework\web\actions\CInlineAction.php(50): IndexController->actionIndex()
#12 D:\HtDocs\youhonest\trunk\framework\web\CController.php(309): CInlineAction->runWithParams()
#13 D:\HtDocs\youhonest\trunk\framework\web\CController.php(287): IndexController->runAction()
#14 D:\HtDocs\youhonest\trunk\framework\web\CController.php(266): IndexController->runActionWithFilters()
#15 D:\HtDocs\youhonest\trunk\framework\web\CWebApplication.php(276): IndexController->run()
#16 D:\HtDocs\youhonest\trunk\framework\web\CWebApplication.php(135): CWebApplication->runController()
#17 D:\HtDocs\youhonest\trunk\framework\base\CApplication.php(162): CWebApplication->processRequest()
#18 D:\HtDocs\youhonest\trunk\index.php(13): CWebApplication->run()
REQUEST_URI=/youhonest/trunk/
in D:\HtDocs\youhonest\trunk\protected\library\networks\VkontakteNetwork.php (14)
in D:\HtDocs\youhonest\trunk\protected\views\index\login.php (4)
in D:\HtDocs\youhonest\trunk\protected\controllers\IndexController.php (88)
2012/08/26 20:16:43 [error] [php] include(II.php) [<a href='function.include'>function.include</a>]: failed to open stream: No such file or directory (D:\HtDocs\youhonest\trunk\framework\YiiBase.php:418)
Stack trace:
#0 D:\HtDocs\youhonest\trunk\protected\library\networks\NetworkBase.php(20): spl_autoload_call()
#1 D:\HtDocs\youhonest\trunk\protected\library\networks\NetworkFactory.php(43): VkontakteNetwork->__construct()
#2 D:\HtDocs\youhonest\trunk\protected\library\networks\NetworkFactory.php(10): NetworkFactory->_loadData()
#3 D:\HtDocs\youhonest\trunk\protected\library\networks\NetworkFactory.php(30): NetworkFactory->__construct()
#4 D:\HtDocs\youhonest\trunk\protected\library\networks\NetworkFactory.php(14): _getInstance()
#5 D:\HtDocs\youhonest\trunk\protected\controllers\IndexController.php(83): getAllNetworks()
#6 D:\HtDocs\youhonest\trunk\framework\web\actions\CInlineAction.php(50): IndexController->actionLogin()
#7 D:\HtDocs\youhonest\trunk\framework\web\CController.php(309): CInlineAction->runWithParams()
#8 D:\HtDocs\youhonest\trunk\framework\web\CController.php(287): IndexController->runAction()
#9 D:\HtDocs\youhonest\trunk\framework\web\CController.php(266): IndexController->runActionWithFilters()
#10 D:\HtDocs\youhonest\trunk\framework\web\CController.php(748): IndexController->run()
#11 D:\HtDocs\youhonest\trunk\protected\controllers\IndexController.php(31): IndexController->forward()
#12 D:\HtDocs\youhonest\trunk\framework\web\actions\CInlineAction.php(50): IndexController->actionIndex()
#13 D:\HtDocs\youhonest\trunk\framework\web\CController.php(309): CInlineAction->runWithParams()
#14 D:\HtDocs\youhonest\trunk\framework\web\CController.php(287): IndexController->runAction()
#15 D:\HtDocs\youhonest\trunk\framework\web\CController.php(266): IndexController->runActionWithFilters()
#16 D:\HtDocs\youhonest\trunk\framework\web\CWebApplication.php(276): IndexController->run()
#17 D:\HtDocs\youhonest\trunk\framework\web\CWebApplication.php(135): CWebApplication->runController()
#18 D:\HtDocs\youhonest\trunk\framework\base\CApplication.php(162): CWebApplication->processRequest()
#19 D:\HtDocs\youhonest\trunk\index.php(13): CWebApplication->run()
REQUEST_URI=/youhonest/trunk/
in D:\HtDocs\youhonest\trunk\protected\library\networks\NetworkBase.php (20)
in D:\HtDocs\youhonest\trunk\protected\library\networks\NetworkFactory.php (43)
in D:\HtDocs\youhonest\trunk\protected\library\networks\NetworkFactory.php (10)
2012/08/26 20:38:48 [error] [php] include(Memcache.php) [<a href='function.include'>function.include</a>]: failed to open stream: No such file or directory (D:\HtDocs\youhonest\trunk\framework\YiiBase.php:418)
Stack trace:
#0 D:\HtDocs\youhonest\trunk\framework\caching\CMemCache.php(113): spl_autoload_call()
#1 D:\HtDocs\youhonest\trunk\framework\caching\CMemCache.php(90): CMemCache->getMemCache()
#2 D:\HtDocs\youhonest\trunk\framework\base\CModule.php(388): CMemCache->init()
#3 D:\HtDocs\youhonest\trunk\framework\web\CUrlManager.php(217): CWebApplication->getComponent()
#4 D:\HtDocs\youhonest\trunk\framework\web\CUrlManager.php(207): CUrlManager->processRules()
#5 D:\HtDocs\youhonest\trunk\framework\base\CModule.php(388): CUrlManager->init()
#6 D:\HtDocs\youhonest\trunk\framework\base\CApplication.php(503): CWebApplication->getComponent()
#7 D:\HtDocs\youhonest\trunk\framework\web\CWebApplication.php(134): CWebApplication->getUrlManager()
#8 D:\HtDocs\youhonest\trunk\framework\base\CApplication.php(162): CWebApplication->processRequest()
#9 D:\HtDocs\youhonest\trunk\index.php(13): CWebApplication->run()
REQUEST_URI=/youhonest/trunk/
in D:\HtDocs\youhonest\trunk\index.php (13)
2012/08/26 20:40:28 [error] [exception.CHttpException.404] exception 'CHttpException' with message 'Unable to resolve the request "login".' in D:\HtDocs\youhonest\trunk\framework\web\CWebApplication.php:280
Stack trace:
#0 D:\HtDocs\youhonest\trunk\framework\web\CWebApplication.php(135): CWebApplication->runController('login')
#1 D:\HtDocs\youhonest\trunk\framework\base\CApplication.php(162): CWebApplication->processRequest()
#2 D:\HtDocs\youhonest\trunk\index.php(13): CApplication->run()
#3 {main}
REQUEST_URI=/youhonest/trunk/index.php/login
---
2012/08/26 20:50:37 [error] [exception.NetworkException] exception 'NetworkException' with message 'Network with such ID does not exist' in D:\HtDocs\youhonest\trunk\protected\library\networks\NetworkFactory.php:21
Stack trace:
#0 D:\HtDocs\youhonest\trunk\protected\controllers\IndexController.php(78): NetworkFactory->getNetworkByID('2')
#1 D:\HtDocs\youhonest\trunk\framework\web\actions\CInlineAction.php(50): IndexController->actionReturn()
#2 D:\HtDocs\youhonest\trunk\framework\web\CController.php(309): CInlineAction->runWithParams(Array)
#3 D:\HtDocs\youhonest\trunk\framework\web\CController.php(287): CController->runAction(Object(CInlineAction))
#4 D:\HtDocs\youhonest\trunk\framework\web\CController.php(266): CController->runActionWithFilters(Object(CInlineAction), Array)
#5 D:\HtDocs\youhonest\trunk\framework\web\CWebApplication.php(276): CController->run('return')
#6 D:\HtDocs\youhonest\trunk\framework\web\CWebApplication.php(135): CWebApplication->runController('index/return/ne...')
#7 D:\HtDocs\youhonest\trunk\framework\base\CApplication.php(162): CWebApplication->processRequest()
#8 D:\HtDocs\youhonest\trunk\index.php(13): CApplication->run()
#9 {main}
REQUEST_URI=/youhonest/trunk/index/return/network_id/2?code=12345
---
2012/08/26 21:01:51 [error] [exception.NetworkException] exception 'NetworkException' with message 'Network with such ID does not exist' in D:\HtDocs\youhonest\trunk\protected\library\networks\NetworkFactory.php:25
Stack trace:
#0 D:\HtDocs\youhonest\trunk\protected\controllers\IndexController.php(78): NetworkFactory->getNetworkByID('2')
#1 D:\HtDocs\youhonest\trunk\framework\web\actions\CInlineAction.php(50): IndexController->actionReturn()
#2 D:\HtDocs\youhonest\trunk\framework\web\CController.php(309): CInlineAction->runWithParams(Array)
#3 D:\HtDocs\youhonest\trunk\framework\web\CController.php(287): CController->runAction(Object(CInlineAction))
#4 D:\HtDocs\youhonest\trunk\framework\web\CController.php(266): CController->runActionWithFilters(Object(CInlineAction), Array)
#5 D:\HtDocs\youhonest\trunk\framework\web\CWebApplication.php(276): CController->run('return')
#6 D:\HtDocs\youhonest\trunk\framework\web\CWebApplication.php(135): CWebApplication->runController('index/return/ne...')
#7 D:\HtDocs\youhonest\trunk\framework\base\CApplication.php(162): CWebApplication->processRequest()
#8 D:\HtDocs\youhonest\trunk\index.php(13): CApplication->run()
#9 {main}
REQUEST_URI=/youhonest/trunk/index/return/network_id/2?code=12345
---
